<?xml version="1.0" encoding="UTF-8"?>
<testsuite name="com.spring.ex.test.dto.HelloResponseDtoTest" tests="1" skipped="0" failures="0" errors="0" timestamp="2020-08-03T12:13:59" hostname="won-yungyeong-ui-MacBookPro.local" time="0.051">
  <properties/>
  <testcase name="롬복_기능_테스트" classname="com.spring.ex.test.dto.HelloResponseDtoTest" time="0.051"/>
  <system-out><![CDATA[]]></system-out>
  <system-err><![CDATA[]]></system-err>
</testsuite>
